<?xml version="1.0" encoding="UTF-8"?>
<testsuite xmlns:xsi="http://www.w3.org/2001/XMLSchema-instance" xsi:noNamespaceSchemaLocation="https://maven.apache.org/surefire/maven-surefire-plugin/xsd/surefire-test-report.xsd" name="org.seleniumhq.selenium.selenium_java.SauceLabsHomePageTest" time="6.459" tests="1" errors="1" skipped="0" failures="0">
  <properties>
[...]
</properties>
  <testcase name="site_header_is_on_home_page" classname="org.seleniumhq.selenium.selenium_java.SauceLabsHomePageTest" time="6.437">
    <error message="unknown error: cannot find Chrome binary&#10;Build info: version: &apos;4.0.0-alpha-7&apos;, revision: &apos;de8579b6d5&apos;&#10;System info: host: &apos;MacBook-Pro-de-Mario.local&apos;, ip: &apos;192.168.31.134&apos;, os.name: &apos;Mac OS X&apos;, os.arch: &apos;x86_64&apos;, os.version: &apos;10.15.7&apos;, java.version: &apos;14.0.1&apos;&#10;Driver info: driver.version: ChromeDriver&#10;remote stacktrace: 0   chromedriver                        0x0000000102a26b59 chromedriver + 2595673&#10;1   chromedriver                        0x00000001030dab33 chromedriver + 9624371&#10;2   chromedriver                        0x00000001027d6773 chromedriver + 169843&#10;3   chromedriver                        0x00000001027f5c75 chromedriver + 298101&#10;4   chromedriver                        0x00000001027f4032 chromedriver + 290866&#10;5   chromedriver                        0x0000000102827234 chromedriver + 500276&#10;6   chromedriver                        0x00000001028224f3 chromedriver + 480499&#10;7   chromedriver                        0x00000001027fccd6 chromedriver + 326870&#10;8   chromedriver                        0x00000001027fdba7 chromedriver + 330663&#10;9   chromedriver                        0x00000001029f4b09 chromedriver + 2390793&#10;10  chromedriver                        0x0000000102a01bcc chromedriver + 2444236&#10;11  chromedriver                        0x0000000102a016ee chromedriver + 2442990&#10;12  chromedriver                        0x00000001029db832 chromedriver + 2287666&#10;13  chromedriver                        0x0000000102a0263f chromedriver + 2446911&#10;14  chromedriver                        0x00000001029ea299 chromedriver + 2347673&#10;15  chromedriver                        0x0000000102a198b9 chromedriver + 2541753&#10;16  chromedriver                        0x0000000102a2c008 chromedriver + 2617352&#10;17  libsystem_pthread.dylib             0x00007fff6bf25109 _pthread_start + 148&#10;18  libsystem_pthread.dylib             0x00007fff6bf20b8b thread_start + 15&#10;" type="org.openqa.selenium.WebDriverException">org.openqa.selenium.WebDriverException: 
unknown error: cannot find Chrome binary
Build info: version: '4.0.0-alpha-7', revision: 'de8579b6d5'
System info: host: 'MacBook-Pro-de-Mario.local', ip: '192.168.31.134', os.name: 'Mac OS X', os.arch: 'x86_64', os.version: '10.15.7', java.version: '14.0.1'
Driver info: driver.version: ChromeDriver
remote stacktrace: 0   chromedriver                        0x0000000102a26b59 chromedriver + 2595673
1   chromedriver                        0x00000001030dab33 chromedriver + 9624371
2   chromedriver                        0x00000001027d6773 chromedriver + 169843
3   chromedriver                        0x00000001027f5c75 chromedriver + 298101
4   chromedriver                        0x00000001027f4032 chromedriver + 290866
5   chromedriver                        0x0000000102827234 chromedriver + 500276
6   chromedriver                        0x00000001028224f3 chromedriver + 480499
7   chromedriver                        0x00000001027fccd6 chromedriver + 326870
8   chromedriver                        0x00000001027fdba7 chromedriver + 330663
9   chromedriver                        0x00000001029f4b09 chromedriver + 2390793
10  chromedriver                        0x0000000102a01bcc chromedriver + 2444236
11  chromedriver                        0x0000000102a016ee chromedriver + 2442990
12  chromedriver                        0x00000001029db832 chromedriver + 2287666
13  chromedriver                        0x0000000102a0263f chromedriver + 2446911
14  chromedriver                        0x00000001029ea299 chromedriver + 2347673
15  chromedriver                        0x0000000102a198b9 chromedriver + 2541753
16  chromedriver                        0x0000000102a2c008 chromedriver + 2617352
17  libsystem_pthread.dylib             0x00007fff6bf25109 _pthread_start + 148
18  libsystem_pthread.dylib             0x00007fff6bf20b8b thread_start + 15

	at org.seleniumhq.selenium.selenium_java.SauceLabsHomePageTest.site_header_is_on_home_page(SampleTest.java:13)
</error>
    <system-err><![CDATA[SLF4J: Failed to load class "org.slf4j.impl.StaticLoggerBinder".
SLF4J: Defaulting to no-operation (NOP) logger implementation
SLF4J: See http://www.slf4j.org/codes.html#StaticLoggerBinder for further details.
Starting ChromeDriver 89.0.4389.23 (61b08ee2c50024bab004e48d2b1b083cdbdac579-refs/branch-heads/4389@{#294}) on port 21322
Only local connections are allowed.
Please see https://chromedriver.chromium.org/security-considerations for suggestions on keeping ChromeDriver safe.
ChromeDriver was started successfully.
]]></system-err>
  </testcase>
</testsuite>