-------------------------------------------------------------------------------
Test set: org.seleniumhq.selenium.selenium_java.SauceLabsHomePageTest
-------------------------------------------------------------------------------
Tests run: 1, Failures: 0, Errors: 1, Skipped: 0, Time elapsed: 0.061 s <<< FAILURE! - in org.seleniumhq.selenium.selenium_java.SauceLabsHomePageTest
site_header_is_on_home_page  Time elapsed: 0.05 s  <<< ERROR!
java.lang.NullPointerException
	at org.seleniumhq.selenium.selenium_java.SauceLabsHomePageTest.site_header_is_on_home_page(SampleTest.java:30)

